<?xml version="1.0" encoding="UTF-8"?>
<!-- Generated by org.testng.reporters.JUnitReportReporter -->
<testsuite hostname="LAPTOP-6OACLVLF" failures="0" tests="1" name="com.App_TestCases.LoginAppService" time="2.355" errors="0" timestamp="2021-10-27T06:15:49 IST" skipped="0">
  <testcase classname="com.App_TestCases.LoginAppService" name="verify_valid_login" time="2.355"/>
  <system-out/>
</testsuite> <!-- com.App_TestCases.LoginAppService -->
