<?xml version="1.0" encoding="UTF-8"?>
<!-- Generated by org.testng.reporters.JUnitReportReporter -->
<testsuite hostname="LAPTOP-6OACLVLF" failures="0" tests="2" name="cucumber_Project.TestRunner" time="15.270" errors="0" timestamp="2021-10-28T06:52:10 IST" skipped="0">
  <testcase classname="cucumber_Project.TestRunner" name="runScenario" time="8.094"/>
  <system-out/>
  <testcase classname="cucumber_Project.TestRunner" name="runScenario" time="7.176"/>
  <system-out/>
</testsuite> <!-- cucumber_Project.TestRunner -->
