<?xml version="1.0" encoding="UTF-8"?>
<!-- Generated by org.testng.reporters.JUnitReportReporter -->
<testsuite skipped="0" hostname="LAPTOP-6OACLVLF" name="com.App_TestCases.LoginAppService" tests="1" failures="0" timestamp="2021-10-27T06:18:45 IST" time="3.499" errors="0">
  <testcase name="verify_valid_login" time="3.499" classname="com.App_TestCases.LoginAppService"/>
  <system-out/>
</testsuite> <!-- com.App_TestCases.LoginAppService -->
