<?xml version="1.0" encoding="UTF-8"?>
<!-- Generated by org.testng.reporters.JUnitReportReporter -->
<testsuite hostname="LAPTOP-6OACLVLF" failures="0" tests="1" name="cucumber_Project.TestRunner" time="0.148" errors="0" timestamp="2021-10-27T07:15:38 IST" skipped="0">
  <testcase classname="cucumber_Project.TestRunner" name="runScenario" time="0.148"/>
  <system-out/>
</testsuite> <!-- cucumber_Project.TestRunner -->
